#
# A fatal error has been detected by the Java Runtime Environment:
#
#  EXCEPTION_ACCESS_VIOLATION (0xc0000005) at pc=0x00007ffa75d1ad88, pid=3920, tid=6824
#
# JRE version: OpenJDK Runtime Environment (11.0.12+7) (build 11.0.12+7-b1504.28-7817840)
# Java VM: OpenJDK 64-Bit Server VM (11.0.12+7-b1504.28-7817840, mixed mode, tiered, compressed oops, g1 gc, windows-amd64)
# Problematic frame:
# V  [jvm.dll+0x83ad88]
#
# No core dump will be written. Minidumps are not enabled by default on client versions of Windows
#
# If you would like to submit a bug report, please visit:
#   https://bugreport.java.com/bugreport/crash.jsp
#

---------------  S U M M A R Y ------------

Command Line: --add-opens=java.base/java.util=ALL-UNNAMED --add-opens=java.base/java.lang=ALL-UNNAMED --add-opens=java.base/java.lang.invoke=ALL-UNNAMED --add-opens=java.base/java.util=ALL-UNNAMED --add-opens=java.prefs/java.util.prefs=ALL-UNNAMED --add-opens=java.prefs/java.util.prefs=ALL-UNNAMED --add-opens=java.base/java.nio.charset=ALL-UNNAMED --add-opens=java.base/java.net=ALL-UNNAMED --add-opens=java.base/java.util.concurrent.atomic=ALL-UNNAMED -Xmx2048m -Dfile.encoding=UTF-8 -Duser.country=US -Duser.language=en -Duser.variant org.gradle.launcher.daemon.bootstrap.GradleDaemon 7.3.3

Host: Intel(R) Pentium(R) CPU G3220 @ 3.00GHz, 2 cores, 7G,  Windows 10 , 64 bit Build 19041 (10.0.19041.1741)
Time: Thu Jul  7 13:48:12 2022 Bangladesh Standard Time elapsed time: 19.880980 seconds (0d 0h 0m 19s)

---------------  T H R E A D  ---------------

Current thread (0x000001ef1671f000):  GCTaskThread "GC Thread#1" [stack: 0x0000008ed3800000,0x0000008ed3900000] [id=6824]

Stack: [0x0000008ed3800000,0x0000008ed3900000],  sp=0x0000008ed38ff638,  free space=1021k
Native frames: (J=compiled Java code, j=interpreted, Vv=VM code, C=native code)
V  [jvm.dll+0x83ad88]


siginfo: EXCEPTION_ACCESS_VIOLATION (0xc0000005), data execution prevention violation at address 0x00007ffa75d1ad88


Register to memory mapping:

RIP=0x00007ffa75d1ad88 jvm.dll
RAX=0x00000000000001ef is an unknown value
RBX=0x00000000863c81b8 is an oop: 
[error occurred during error reporting (printing register info), id 0xc0000005, EXCEPTION_ACCESS_VIOLATION (0xc0000005) at pc=0x00007ffa75ac889d]

Registers:
RAX=0x00000000000001ef, RBX=0x00000000863c81b8, RCX=0x000001ef1cb412d0, RDX=0x00000000863c81b8
RSP=0x0000008ed38ff638, RBP=0x0000000000000009, RSI=0x000001ef1cb41160, RDI=0x000001ef1cb41160
R8 =0x000000010081b808, R9 =0x00007ffa75e874a0, R10=0x0000000000000008, R11=0x000001ef7beac3b1
R12=0x0000000003c653bc, R13=0x0000000000000000, R14=0x0000000000000001, R15=0x00000000863c81b8
RIP=0x00007ffa75d1ad88, EFLAGS=0x0000000000010202

Top of Stack: (sp=0x0000008ed38ff638)
0x0000008ed38ff638:   00007ffa757e79a7 00000000863c81b8
0x0000008ed38ff648:   0000000000000009 000001ef7c34b970
0x0000008ed38ff658:   000001ef1cb41160 0000000000000000
0x0000008ed38ff668:   00007ffa757e7494 000001ef1cb41160
0x0000008ed38ff678:   00000000830a2901 0000000000000009
0x0000008ed38ff688:   0000000000000009 000001ef1cb41178
0x0000008ed38ff698:   0000000000000000 0000000900000002
0x0000008ed38ff6a8:   000001ef183c210d 0000000000000001
0x0000008ed38ff6b8:   000001ef1cb41160 0000000000000040
0x0000008ed38ff6c8:   000001ef7c2c3b50 0000000000000000
0x0000008ed38ff6d8:   000001ef1cb41160 0000008ed38ff901
0x0000008ed38ff6e8:   00007ffa757b9052 000001ef1cb41100
0x0000008ed38ff6f8:   00007ffa757f1a01 0000000082b0f300
0x0000008ed38ff708:   00000000830a29d0 000001ef7c2c3ad0
0x0000008ed38ff718:   00007ffa757e57ab 0000000000000629
0x0000008ed38ff728:   00007ffa757f060e 0000000082b00000 

Instructions: (pc=0x00007ffa75d1ad88)
0x00007ffa75d1ac88:   4b 6c 61 73 73 42 79 74 65 73 00 00 00 00 00 00
0x00007ffa75d1ac98:   4b 5f 73 65 63 6f 6e 64 61 72 79 5f 73 75 70 65
0x00007ffa75d1aca8:   72 73 00 00 56 54 61 62 00 00 00 00 49 54 61 62
0x00007ffa75d1acb8:   00 00 00 00 4f 6f 70 4d 61 70 00 00 00 00 00 00
0x00007ffa75d1acc8:   49 4b 5f 6d 65 74 68 6f 64 73 00 00 00 00 00 00
0x00007ffa75d1acd8:   49 4b 5f 6d 65 74 68 6f 64 5f 6f 72 64 65 72 69
0x00007ffa75d1ace8:   6e 67 00 00 00 00 00 00 49 4b 5f 64 65 66 61 75
0x00007ffa75d1acf8:   6c 74 5f 6d 65 74 68 6f 64 73 00 00 00 00 00 00
0x00007ffa75d1ad08:   49 4b 5f 64 65 66 61 75 6c 74 5f 76 74 61 62 6c
0x00007ffa75d1ad18:   65 5f 69 6e 64 69 63 65 73 00 00 00 00 00 00 00
0x00007ffa75d1ad28:   49 4b 5f 6c 6f 63 61 6c 5f 69 6e 74 65 72 66 61
0x00007ffa75d1ad38:   63 65 73 00 00 00 00 00 49 4b 5f 74 72 61 6e 73
0x00007ffa75d1ad48:   69 74 69 76 65 5f 69 6e 74 65 72 66 61 63 65 73
0x00007ffa75d1ad58:   00 00 00 00 00 00 00 00 49 4b 5f 66 69 65 6c 64
0x00007ffa75d1ad68:   73 00 00 00 00 00 00 00 49 4b 5f 69 6e 6e 65 72
0x00007ffa75d1ad78:   5f 63 6c 61 73 73 65 73 00 00 00 00 00 00 00 00
0x00007ffa75d1ad88:   49 4b 5f 6e 65 73 74 5f 6d 65 6d 62 65 72 73 00
0x00007ffa75d1ad98:   49 4b 5f 73 69 67 6e 65 72 73 00 00 00 00 00 00
0x00007ffa75d1ada8:   63 6c 61 73 73 5f 61 6e 6e 6f 74 61 74 69 6f 6e
0x00007ffa75d1adb8:   73 00 00 00 00 00 00 00 63 6c 61 73 73 5f 74 79
0x00007ffa75d1adc8:   70 65 5f 61 6e 6e 6f 74 61 74 69 6f 6e 73 00 00
0x00007ffa75d1add8:   66 69 65 6c 64 73 5f 61 6e 6e 6f 74 61 74 69 6f
0x00007ffa75d1ade8:   6e 73 00 00 00 00 00 00 66 69 65 6c 64 73 5f 74
0x00007ffa75d1adf8:   79 70 65 5f 61 6e 6e 6f 74 61 74 69 6f 6e 73 00
0x00007ffa75d1ae08:   6d 65 74 68 6f 64 73 5f 61 6e 6e 6f 74 61 74 69
0x00007ffa75d1ae18:   6f 6e 73 00 00 00 00 00 6d 65 74 68 6f 64 73 5f
0x00007ffa75d1ae28:   70 61 72 61 6d 65 74 65 72 5f 61 6e 6e 6f 74 61
0x00007ffa75d1ae38:   74 69 6f 6e 73 00 00 00 6d 65 74 68 6f 64 73 5f
0x00007ffa75d1ae48:   74 79 70 65 5f 61 6e 6e 6f 74 61 74 69 6f 6e 73
0x00007ffa75d1ae58:   00 00 00 00 00 00 00 00 6d 65 74 68 6f 64 73 5f
0x00007ffa75d1ae68:   64 65 66 61 75 6c 74 5f 61 6e 6e 6f 74 61 74 69
0x00007ffa75d1ae78:   6f 6e 73 00 00 00 00 00 61 6e 6e 6f 74 61 74 69 


Stack slot to memory mapping:
stack at sp + 0 slots: 0x00007ffa757e79a7 jvm.dll
stack at sp + 1 slots: 0x00000000863c81b8 is an oop: 
[error occurred during error reporting (inspecting top of stack), id 0xc0000005, EXCEPTION_ACCESS_VIOLATION (0xc0000005) at pc=0x00007ffa75ac889d]


---------------  P R O C E S S  ---------------

Threads class SMR info:
_java_thread_list=0x000001ef1edeee20, length=61, elements={
0x000001ef7c2a9800, 0x000001ef15ab5000, 0x000001ef15ab6800, 0x000001ef15acc800,
0x000001ef15acd800, 0x000001ef15ace800, 0x000001ef15ad3800, 0x000001ef15b0b800,
0x000001ef16484000, 0x000001ef16577800, 0x000001ef17de5800, 0x000001ef17834000,
0x000001ef17e25000, 0x000001ef17914800, 0x000001ef17ee0800, 0x000001ef183c1000,
0x000001ef183c2000, 0x000001ef183b5800, 0x000001ef17ef6000, 0x000001ef18344800,
0x000001ef18344000, 0x000001ef18345800, 0x000001ef18346800, 0x000001ef18347000,
0x000001ef18348000, 0x000001ef18342000, 0x000001ef18349000, 0x000001ef18343000,
0x000001ef19073000, 0x000001ef19075800, 0x000001ef19076000, 0x000001ef19071800,
0x000001ef19077000, 0x000001ef19072000, 0x000001ef19078800, 0x000001ef19079800,
0x000001ef19073800, 0x000001ef1907f000, 0x000001ef1907c000, 0x000001ef19080000,
0x000001ef1907b000, 0x000001ef1907c800, 0x000001ef1907d800, 0x000001ef1907a800,
0x000001ef1907e800, 0x000001ef1a900800, 0x000001ef1a903000, 0x000001ef1a8fe000,
0x000001ef1a8ff800, 0x000001ef1a902000, 0x000001ef1a8fd000, 0x000001ef1a901000,
0x000001ef1a903800, 0x000001ef1a904800, 0x000001ef1a8fe800, 0x000001ef1a905800,
0x000001ef1a906000, 0x000001ef1a907000, 0x000001ef1a908800, 0x000001ef1a909800,
0x000001ef1a907800
}

Java Threads: ( => current thread )
  0x000001ef7c2a9800 JavaThread "main" [_thread_blocked, id=11256, stack(0x0000008ed2700000,0x0000008ed2800000)]
  0x000001ef15ab5000 JavaThread "Reference Handler" daemon [_thread_blocked, id=8624, stack(0x0000008ed2e00000,0x0000008ed2f00000)]
  0x000001ef15ab6800 JavaThread "Finalizer" daemon [_thread_blocked, id=6740, stack(0x0000008ed2f00000,0x0000008ed3000000)]
  0x000001ef15acc800 JavaThread "Signal Dispatcher" daemon [_thread_blocked, id=7560, stack(0x0000008ed3000000,0x0000008ed3100000)]
  0x000001ef15acd800 JavaThread "Attach Listener" daemon [_thread_blocked, id=8260, stack(0x0000008ed3100000,0x0000008ed3200000)]
  0x000001ef15ace800 JavaThread "Service Thread" daemon [_thread_blocked, id=6820, stack(0x0000008ed3200000,0x0000008ed3300000)]
  0x000001ef15ad3800 JavaThread "C2 CompilerThread0" daemon [_thread_blocked, id=4180, stack(0x0000008ed3300000,0x0000008ed3400000)]
  0x000001ef15b0b800 JavaThread "C1 CompilerThread0" daemon [_thread_blocked, id=3432, stack(0x0000008ed3400000,0x0000008ed3500000)]
  0x000001ef16484000 JavaThread "Sweeper thread" daemon [_thread_blocked, id=10608, stack(0x0000008ed3500000,0x0000008ed3600000)]
  0x000001ef16577800 JavaThread "Common-Cleaner" daemon [_thread_blocked, id=5252, stack(0x0000008ed3600000,0x0000008ed3700000)]
  0x000001ef17de5800 JavaThread "Daemon health stats" [_thread_blocked, id=864, stack(0x0000008ed3900000,0x0000008ed3a00000)]
  0x000001ef17834000 JavaThread "Incoming local TCP Connector on port 61374" [_thread_in_native, id=10796, stack(0x0000008ed3b00000,0x0000008ed3c00000)]
  0x000001ef17e25000 JavaThread "Daemon periodic checks" [_thread_blocked, id=4332, stack(0x0000008ed3c00000,0x0000008ed3d00000)]
  0x000001ef17914800 JavaThread "Daemon" [_thread_blocked, id=7736, stack(0x0000008ed3d00000,0x0000008ed3e00000)]
  0x000001ef17ee0800 JavaThread "Handler for socket connection from /127.0.0.1:61374 to /127.0.0.1:61375" [_thread_in_native, id=3948, stack(0x0000008ed3e00000,0x0000008ed3f00000)]
  0x000001ef183c1000 JavaThread "Cancel handler" [_thread_blocked, id=2364, stack(0x0000008ed3f00000,0x0000008ed4000000)]
  0x000001ef183c2000 JavaThread "Daemon worker" [_thread_blocked, id=4116, stack(0x0000008ed4000000,0x0000008ed4100000)]
  0x000001ef183b5800 JavaThread "Asynchronous log dispatcher for DefaultDaemonConnection: socket connection from /127.0.0.1:61374 to /127.0.0.1:61375" [_thread_blocked, id=7780, stack(0x0000008ed4100000,0x0000008ed4200000)]
  0x000001ef17ef6000 JavaThread "Stdin handler" [_thread_blocked, id=5276, stack(0x0000008ed4200000,0x0000008ed4300000)]
  0x000001ef18344800 JavaThread "Daemon client event forwarder" [_thread_blocked, id=5052, stack(0x0000008ed4300000,0x0000008ed4400000)]
  0x000001ef18344000 JavaThread "Cache worker for journal cache (C:\Users\sujan\.gradle\caches\journal-1)" [_thread_blocked, id=2344, stack(0x0000008ed4400000,0x0000008ed4500000)]
  0x000001ef18345800 JavaThread "File lock request listener" [_thread_in_native, id=6436, stack(0x0000008ed4500000,0x0000008ed4600000)]
  0x000001ef18346800 JavaThread "Cache worker for file hash cache (C:\Users\sujan\.gradle\caches\7.3.3\fileHashes)" [_thread_blocked, id=7028, stack(0x0000008ed4600000,0x0000008ed4700000)]
  0x000001ef18347000 JavaThread "Cache worker for file hash cache (S:\Android Studio\Job Circular\.gradle\7.3.3\fileHashes)" [_thread_blocked, id=1740, stack(0x0000008ed4700000,0x0000008ed4800000)]
  0x000001ef18348000 JavaThread "File watcher server" daemon [_thread_blocked, id=2332, stack(0x0000008ed4800000,0x0000008ed4900000)]
  0x000001ef18342000 JavaThread "File watcher consumer" daemon [_thread_blocked, id=5912, stack(0x0000008ed4900000,0x0000008ed4a00000)]
  0x000001ef18349000 JavaThread "Cache worker for checksums cache (S:\Android Studio\Job Circular\.gradle\7.3.3\checksums)" [_thread_blocked, id=7080, stack(0x0000008ed4a00000,0x0000008ed4b00000)]
  0x000001ef18343000 JavaThread "Cache worker for cache directory md-supplier (C:\Users\sujan\.gradle\caches\7.3.3\md-supplier)" [_thread_blocked, id=6812, stack(0x0000008ed4b00000,0x0000008ed4c00000)]
  0x000001ef19073000 JavaThread "Cache worker for cache directory md-rule (C:\Users\sujan\.gradle\caches\7.3.3\md-rule)" [_thread_blocked, id=1696, stack(0x0000008ed4c00000,0x0000008ed4d00000)]
  0x000001ef19075800 JavaThread "Cache worker for execution history cache (C:\Users\sujan\.gradle\caches\7.3.3\executionHistory)" [_thread_blocked, id=2192, stack(0x0000008ed4d00000,0x0000008ed4e00000)]
  0x000001ef19076000 JavaThread "jar transforms" [_thread_blocked, id=9068, stack(0x0000008ed4e00000,0x0000008ed4f00000)]
  0x000001ef19071800 JavaThread "Cache worker for file content cache (C:\Users\sujan\.gradle\caches\7.3.3\fileContent)" [_thread_blocked, id=10172, stack(0x0000008ed4f00000,0x0000008ed5000000)]
  0x000001ef19077000 JavaThread "jar transforms Thread 2" [_thread_blocked, id=2404, stack(0x0000008ed5000000,0x0000008ed5100000)]
  0x000001ef19072000 JavaThread "Cache worker for dependencies-accessors (S:\Android Studio\Job Circular\.gradle\7.3.3\dependencies-accessors)" [_thread_blocked, id=3932, stack(0x0000008ed5100000,0x0000008ed5200000)]
  0x000001ef19078800 JavaThread "Cache worker for Build Output Cleanup Cache (S:\Android Studio\Job Circular\.gradle\buildOutputCleanup)" [_thread_blocked, id=4484, stack(0x0000008ed5200000,0x0000008ed5300000)]
  0x000001ef19079800 JavaThread "Unconstrained build operations" [_thread_blocked, id=4888, stack(0x0000008ed5300000,0x0000008ed5400000)]
  0x000001ef19073800 JavaThread "Unconstrained build operations Thread 2" [_thread_blocked, id=10964, stack(0x0000008ed5400000,0x0000008ed5500000)]
  0x000001ef1907f000 JavaThread "Unconstrained build operations Thread 3" [_thread_blocked, id=2112, stack(0x0000008ed5500000,0x0000008ed5600000)]
  0x000001ef1907c000 JavaThread "Unconstrained build operations Thread 4" [_thread_blocked, id=10328, stack(0x0000008ed5600000,0x0000008ed5700000)]
  0x000001ef19080000 JavaThread "Unconstrained build operations Thread 5" [_thread_blocked, id=4916, stack(0x0000008ed5700000,0x0000008ed5800000)]
  0x000001ef1907b000 JavaThread "Unconstrained build operations Thread 6" [_thread_blocked, id=5728, stack(0x0000008ed5800000,0x0000008ed5900000)]
  0x000001ef1907c800 JavaThread "Unconstrained build operations Thread 7" [_thread_blocked, id=3844, stack(0x0000008ed5900000,0x0000008ed5a00000)]
  0x000001ef1907d800 JavaThread "Unconstrained build operations Thread 8" [_thread_blocked, id=8100, stack(0x0000008ed5a00000,0x0000008ed5b00000)]
  0x000001ef1907a800 JavaThread "Unconstrained build operations Thread 9" [_thread_blocked, id=11160, stack(0x0000008ed5b00000,0x0000008ed5c00000)]
  0x000001ef1907e800 JavaThread "Unconstrained build operations Thread 10" [_thread_blocked, id=7632, stack(0x0000008ed5c00000,0x0000008ed5d00000)]
  0x000001ef1a900800 JavaThread "Unconstrained build operations Thread 11" [_thread_blocked, id=7840, stack(0x0000008ed5d00000,0x0000008ed5e00000)]
  0x000001ef1a903000 JavaThread "Unconstrained build operations Thread 12" [_thread_blocked, id=7328, stack(0x0000008ed5e00000,0x0000008ed5f00000)]
  0x000001ef1a8fe000 JavaThread "Unconstrained build operations Thread 13" [_thread_blocked, id=5040, stack(0x0000008ed5f00000,0x0000008ed6000000)]
  0x000001ef1a8ff800 JavaThread "Unconstrained build operations Thread 14" [_thread_blocked, id=10476, stack(0x0000008ed6000000,0x0000008ed6100000)]
  0x000001ef1a902000 JavaThread "Unconstrained build operations Thread 15" [_thread_blocked, id=10016, stack(0x0000008ed6100000,0x0000008ed6200000)]
  0x000001ef1a8fd000 JavaThread "Unconstrained build operations Thread 16" [_thread_blocked, id=7916, stack(0x0000008ed6200000,0x0000008ed6300000)]
  0x000001ef1a901000 JavaThread "Unconstrained build operations Thread 17" [_thread_blocked, id=9336, stack(0x0000008ed6300000,0x0000008ed6400000)]
  0x000001ef1a903800 JavaThread "Unconstrained build operations Thread 18" [_thread_blocked, id=2428, stack(0x0000008ed6400000,0x0000008ed6500000)]
  0x000001ef1a904800 JavaThread "Unconstrained build operations Thread 19" [_thread_blocked, id=4940, stack(0x0000008ed6500000,0x0000008ed6600000)]
  0x000001ef1a8fe800 JavaThread "Unconstrained build operations Thread 20" [_thread_blocked, id=8472, stack(0x0000008ed6600000,0x0000008ed6700000)]
  0x000001ef1a905800 JavaThread "Memory manager" [_thread_blocked, id=10996, stack(0x0000008ed6700000,0x0000008ed6800000)]
  0x000001ef1a906000 JavaThread "build event listener" [_thread_blocked, id=5640, stack(0x0000008ed6800000,0x0000008ed6900000)]
  0x000001ef1a907000 JavaThread "pool-3-thread-1" [_thread_blocked, id=1332, stack(0x0000008ed6900000,0x0000008ed6a00000)]
  0x000001ef1a908800 JavaThread "build event listener" [_thread_blocked, id=7228, stack(0x0000008ed6a00000,0x0000008ed6b00000)]
  0x000001ef1a909800 JavaThread "Execution worker for ':'" [_thread_blocked, id=9400, stack(0x0000008ed6b00000,0x0000008ed6c00000)]
  0x000001ef1a907800 JavaThread "Cache worker for execution history cache (S:\Android Studio\Job Circular\.gradle\7.3.3\executionHistory)" [_thread_blocked, id=8696, stack(0x0000008ed6c00000,0x0000008ed6d00000)]

Other Threads:
  0x000001ef15aac800 VMThread "VM Thread" [stack: 0x0000008ed2d00000,0x0000008ed2e00000] [id=5972]
  0x000001ef165a5800 WatcherThread [stack: 0x0000008ed3700000,0x0000008ed3800000] [id=10916]
  0x000001ef7c2c1000 GCTaskThread "GC Thread#0" [stack: 0x0000008ed2800000,0x0000008ed2900000] [id=1068]
=>0x000001ef1671f000 GCTaskThread "GC Thread#1" [stack: 0x0000008ed3800000,0x0000008ed3900000] [id=6824]
  0x000001ef7c2f2000 ConcurrentGCThread "G1 Main Marker" [stack: 0x0000008ed2900000,0x0000008ed2a00000] [id=6636]
  0x000001ef7c2f3800 ConcurrentGCThread "G1 Conc#0" [stack: 0x0000008ed2a00000,0x0000008ed2b00000] [id=1964]
  0x000001ef7c379800 ConcurrentGCThread "G1 Refine#0" [stack: 0x0000008ed2b00000,0x0000008ed2c00000] [id=4588]
  0x000001ef167ce000 ConcurrentGCThread "G1 Refine#1" [stack: 0x0000008ed3a00000,0x0000008ed3b00000] [id=8620]
  0x000001ef7c37a800 ConcurrentGCThread "G1 Young RemSet Sampling" [stack: 0x0000008ed2c00000,0x0000008ed2d00000] [id=4100]

Threads with active compile tasks:
C2 CompilerThread0  19892 8758   !   4       java.nio.file.FileTreeWalker::next (144 bytes)

VM state:at safepoint (normal execution)

VM Mutex/Monitor currently owned by a thread:  ([mutex/lock_event])
[0x000001ef7c2a7d60] Threads_lock - owner thread: 0x000001ef15aac800
[0x000001ef7c2a74f0] Heap_lock - owner thread: 0x000001ef18346800

Heap address: 0x0000000080000000, size: 2048 MB, Compressed Oops mode: 32-bit
Narrow klass base: 0x0000000000000000, Narrow klass shift: 3
Compressed class space size: 1073741824 Address: 0x0000000100000000

Heap:
 garbage-first heap   total 227328K, used 153060K [0x0000000080000000, 0x0000000100000000)
  region size 1024K, 98 young (100352K), 10 survivors (10240K)
 Metaspace       used 84475K, capacity 86594K, committed 86856K, reserved 1124352K
  class space    used 10916K, capacity 11688K, committed 11724K, reserved 1048576K
Heap Regions: E=young(eden), S=young(survivor), O=old, HS=humongous(starts), HC=humongous(continues), CS=collection set, F=free, A=archive, TAMS=top-at-mark-start (previous, next)
|   0|0x0000000080000000, 0x0000000080100000, 0x0000000080100000|100%| O|  |TAMS 0x0000000080100000, 0x0000000080000000| Untracked 
|   1|0x0000000080100000, 0x0000000080200000, 0x0000000080200000|100%| O|  |TAMS 0x0000000080200000, 0x0000000080100000| Untracked 
|   2|0x0000000080200000, 0x0000000080300000, 0x0000000080300000|100%| O|  |TAMS 0x0000000080300000, 0x0000000080200000| Untracked 
|   3|0x0000000080300000, 0x0000000080400000, 0x0000000080400000|100%| O|  |TAMS 0x0000000080400000, 0x0000000080300000| Untracked 
|   4|0x0000000080400000, 0x0000000080500000, 0x0000000080500000|100%|HS|  |TAMS 0x0000000080500000, 0x0000000080400000| Complete 
|   5|0x0000000080500000, 0x0000000080600000, 0x0000000080600000|100%|HC|  |TAMS 0x0000000080600000, 0x0000000080500000| Complete 
|   6|0x0000000080600000, 0x0000000080700000, 0x0000000080700000|100%|HC|  |TAMS 0x0000000080700000, 0x0000000080600000| Complete 
|   7|0x0000000080700000, 0x0000000080800000, 0x0000000080800000|100%| O|  |TAMS 0x0000000080800000, 0x0000000080700000| Untracked 
|   8|0x0000000080800000, 0x0000000080900000, 0x0000000080900000|100%| O|  |TAMS 0x0000000080900000, 0x0000000080800000| Untracked 
|   9|0x0000000080900000, 0x0000000080a00000, 0x0000000080a00000|100%| O|  |TAMS 0x0000000080a00000, 0x0000000080900000| Untracked 
|  10|0x0000000080a00000, 0x0000000080b00000, 0x0000000080b00000|100%| O|  |TAMS 0x0000000080b00000, 0x0000000080a00000| Untracked 
|  11|0x0000000080b00000, 0x0000000080c00000, 0x0000000080c00000|100%| O|  |TAMS 0x0000000080c00000, 0x0000000080b00000| Untracked 
|  12|0x0000000080c00000, 0x0000000080d00000, 0x0000000080d00000|100%| O|  |TAMS 0x0000000080d00000, 0x0000000080c00000| Untracked 
|  13|0x0000000080d00000, 0x0000000080e00000, 0x0000000080e00000|100%| O|  |TAMS 0x0000000080e00000, 0x0000000080d00000| Untracked 
|  14|0x0000000080e00000, 0x0000000080f00000, 0x0000000080f00000|100%| O|  |TAMS 0x0000000080f00000, 0x0000000080e00000| Untracked 
|  15|0x0000000080f00000, 0x0000000081000000, 0x0000000081000000|100%|HS|  |TAMS 0x0000000081000000, 0x0000000080f00000| Complete 
|  16|0x0000000081000000, 0x0000000081100000, 0x0000000081100000|100%| O|  |TAMS 0x0000000081100000, 0x0000000081000000| Untracked 
|  17|0x0000000081100000, 0x0000000081200000, 0x0000000081200000|100%| O|  |TAMS 0x0000000081200000, 0x0000000081100000| Untracked 
|  18|0x0000000081200000, 0x0000000081300000, 0x0000000081300000|100%| O|  |TAMS 0x0000000081300000, 0x0000000081200000| Untracked 
|  19|0x0000000081300000, 0x0000000081400000, 0x0000000081400000|100%| O|  |TAMS 0x0000000081400000, 0x0000000081300000| Untracked 
|  20|0x0000000081400000, 0x0000000081500000, 0x0000000081500000|100%| O|  |TAMS 0x0000000081500000, 0x0000000081400000| Untracked 
|  21|0x0000000081500000, 0x0000000081600000, 0x0000000081600000|100%| O|  |TAMS 0x0000000081600000, 0x0000000081500000| Untracked 
|  22|0x0000000081600000, 0x0000000081700000, 0x0000000081700000|100%| O|  |TAMS 0x0000000081700000, 0x0000000081600000| Untracked 
|  23|0x0000000081700000, 0x0000000081800000, 0x0000000081800000|100%| O|  |TAMS 0x0000000081800000, 0x0000000081700000| Untracked 
|  24|0x0000000081800000, 0x0000000081900000, 0x0000000081900000|100%| O|  |TAMS 0x0000000081900000, 0x0000000081800000| Untracked 
|  25|0x0000000081900000, 0x0000000081a00000, 0x0000000081a00000|100%| O|  |TAMS 0x0000000081a00000, 0x0000000081900000| Untracked 
|  26|0x0000000081a00000, 0x0000000081b00000, 0x0000000081b00000|100%| O|  |TAMS 0x0000000081b00000, 0x0000000081a00000| Untracked 
|  27|0x0000000081b00000, 0x0000000081c00000, 0x0000000081c00000|100%|HS|  |TAMS 0x0000000081c00000, 0x0000000081b00000| Complete 
|  28|0x0000000081c00000, 0x0000000081d00000, 0x0000000081d00000|100%|HS|  |TAMS 0x0000000081d00000, 0x0000000081c00000| Complete 
|  29|0x0000000081d00000, 0x0000000081e00000, 0x0000000081e00000|100%|HC|  |TAMS 0x0000000081e00000, 0x0000000081d00000| Complete 
|  30|0x0000000081e00000, 0x0000000081f00000, 0x0000000081f00000|100%| O|  |TAMS 0x0000000081f00000, 0x0000000081e00000| Untracked 
|  31|0x0000000081f00000, 0x0000000082000000, 0x0000000082000000|100%| O|  |TAMS 0x0000000082000000, 0x0000000081f00000| Untracked 
|  32|0x0000000082000000, 0x0000000082100000, 0x0000000082100000|100%| O|  |TAMS 0x0000000082100000, 0x0000000082000000| Untracked 
|  33|0x0000000082100000, 0x0000000082200000, 0x0000000082200000|100%| O|  |TAMS 0x0000000082200000, 0x0000000082100000| Untracked 
|  34|0x0000000082200000, 0x0000000082300000, 0x0000000082300000|100%| O|  |TAMS 0x0000000082300000, 0x0000000082200000| Untracked 
|  35|0x0000000082300000, 0x0000000082400000, 0x0000000082400000|100%| O|  |TAMS 0x0000000082400000, 0x0000000082300000| Untracked 
|  36|0x0000000082400000, 0x0000000082500000, 0x0000000082500000|100%| O|  |TAMS 0x0000000082500000, 0x0000000082400000| Untracked 
|  37|0x0000000082500000, 0x0000000082600000, 0x0000000082600000|100%| O|  |TAMS 0x0000000082600000, 0x0000000082500000| Untracked 
|  38|0x0000000082600000, 0x0000000082700000, 0x0000000082700000|100%| O|  |TAMS 0x0000000082700000, 0x0000000082600000| Untracked 
|  39|0x0000000082700000, 0x0000000082800000, 0x0000000082800000|100%| O|  |TAMS 0x0000000082800000, 0x0000000082700000| Untracked 
|  40|0x0000000082800000, 0x0000000082900000, 0x0000000082900000|100%| O|  |TAMS 0x0000000082900000, 0x0000000082800000| Untracked 
|  41|0x0000000082900000, 0x0000000082a00000, 0x0000000082a00000|100%| O|  |TAMS 0x0000000082a00000, 0x0000000082900000| Untracked 
|  42|0x0000000082a00000, 0x0000000082b00000, 0x0000000082b00000|100%| O|  |TAMS 0x0000000082b00000, 0x0000000082a00000| Untracked 
|  43|0x0000000082b00000, 0x0000000082c00000, 0x0000000082c00000|100%| O|  |TAMS 0x0000000082b81600, 0x0000000082b00000| Untracked 
|  44|0x0000000082c00000, 0x0000000082d00000, 0x0000000082d00000|100%| O|  |TAMS 0x0000000082c00000, 0x0000000082c00000| Untracked 
|  45|0x0000000082d00000, 0x0000000082e00000, 0x0000000082e00000|100%| O|  |TAMS 0x0000000082d00000, 0x0000000082d00000| Untracked 
|  46|0x0000000082e00000, 0x0000000082f00000, 0x0000000082f00000|100%| O|  |TAMS 0x0000000082e00000, 0x0000000082e00000| Untracked 
|  47|0x0000000082f00000, 0x0000000083000000, 0x0000000083000000|100%| O|  |TAMS 0x0000000082f00000, 0x0000000082f00000| Untracked 
|  48|0x0000000083000000, 0x0000000083100000, 0x0000000083100000|100%| O|  |TAMS 0x0000000083000000, 0x0000000083000000| Untracked 
|  49|0x0000000083100000, 0x0000000083200000, 0x0000000083200000|100%| O|  |TAMS 0x0000000083100000, 0x0000000083100000| Untracked 
|  50|0x0000000083200000, 0x0000000083300000, 0x0000000083300000|100%| O|  |TAMS 0x0000000083200000, 0x0000000083200000| Untracked 
|  51|0x0000000083300000, 0x0000000083400000, 0x0000000083400000|100%| O|  |TAMS 0x0000000083300000, 0x0000000083300000| Untracked 
|  52|0x0000000083400000, 0x0000000083500000, 0x0000000083500000|100%| O|  |TAMS 0x0000000083400000, 0x0000000083400000| Untracked 
|  53|0x0000000083500000, 0x0000000083600000, 0x0000000083600000|100%| O|  |TAMS 0x0000000083500000, 0x0000000083500000| Untracked 
|  54|0x0000000083600000, 0x0000000083700000, 0x0000000083700000|100%| O|  |TAMS 0x0000000083600000, 0x0000000083600000| Untracked 
|  55|0x0000000083700000, 0x0000000083800000, 0x0000000083800000|100%| O|  |TAMS 0x0000000083700000, 0x0000000083700000| Untracked 
|  56|0x0000000083800000, 0x0000000083900000, 0x0000000083900000|100%| O|  |TAMS 0x0000000083800000, 0x0000000083800000| Untracked 
|  57|0x0000000083900000, 0x0000000083a00000, 0x0000000083a00000|100%| O|  |TAMS 0x0000000083900000, 0x0000000083900000| Untracked 
|  58|0x0000000083a00000, 0x0000000083a00000, 0x0000000083b00000|  0%| F|  |TAMS 0x0000000083a00000, 0x0000000083a00000| Untracked 
|  59|0x0000000083b00000, 0x0000000083b00000, 0x0000000083c00000|  0%| F|  |TAMS 0x0000000083b00000, 0x0000000083b00000| Untracked 
|  60|0x0000000083c00000, 0x0000000083c00000, 0x0000000083d00000|  0%| F|  |TAMS 0x0000000083c00000, 0x0000000083c00000| Untracked 
|  61|0x0000000083d00000, 0x0000000083d00000, 0x0000000083e00000|  0%| F|  |TAMS 0x0000000083d00000, 0x0000000083d00000| Untracked 
|  62|0x0000000083e00000, 0x0000000083e00000, 0x0000000083f00000|  0%| F|  |TAMS 0x0000000083e00000, 0x0000000083e00000| Untracked 
|  63|0x0000000083f00000, 0x0000000083f00000, 0x0000000084000000|  0%| F|  |TAMS 0x0000000083f00000, 0x0000000083f00000| Untracked 
|  64|0x0000000084000000, 0x0000000084000000, 0x0000000084100000|  0%| F|  |TAMS 0x0000000084000000, 0x0000000084000000| Untracked 
|  65|0x0000000084100000, 0x0000000084100000, 0x0000000084200000|  0%| F|  |TAMS 0x0000000084100000, 0x0000000084100000| Untracked 
|  66|0x0000000084200000, 0x0000000084200000, 0x0000000084300000|  0%| F|  |TAMS 0x0000000084200000, 0x0000000084200000| Untracked 
|  67|0x0000000084300000, 0x0000000084300000, 0x0000000084400000|  0%| F|  |TAMS 0x0000000084300000, 0x0000000084300000| Untracked 
|  68|0x0000000084400000, 0x0000000084400000, 0x0000000084500000|  0%| F|  |TAMS 0x0000000084400000, 0x0000000084400000| Untracked 
|  69|0x0000000084500000, 0x0000000084500000, 0x0000000084600000|  0%| F|  |TAMS 0x0000000084500000, 0x0000000084500000| Untracked 
|  70|0x0000000084600000, 0x0000000084600000, 0x0000000084700000|  0%| F|  |TAMS 0x0000000084600000, 0x0000000084600000| Untracked 
|  71|0x0000000084700000, 0x0000000084700000, 0x0000000084800000|  0%| F|  |TAMS 0x0000000084700000, 0x0000000084700000| Untracked 
|  72|0x0000000084800000, 0x0000000084800000, 0x0000000084900000|  0%| F|  |TAMS 0x0000000084800000, 0x0000000084800000| Untracked 
|  73|0x0000000084900000, 0x0000000084900000, 0x0000000084a00000|  0%| F|  |TAMS 0x0000000084900000, 0x0000000084900000| Untracked 
|  74|0x0000000084a00000, 0x0000000084a00000, 0x0000000084b00000|  0%| F|  |TAMS 0x0000000084a00000, 0x0000000084a00000| Untracked 
|  75|0x0000000084b00000, 0x0000000084b00000, 0x0000000084c00000|  0%| F|  |TAMS 0x0000000084b00000, 0x0000000084b00000| Untracked 
|  76|0x0000000084c00000, 0x0000000084c00000, 0x0000000084d00000|  0%| F|  |TAMS 0x0000000084c00000, 0x0000000084c00000| Untracked 
|  77|0x0000000084d00000, 0x0000000084d00000, 0x0000000084e00000|  0%| F|  |TAMS 0x0000000084d00000, 0x0000000084d00000| Untracked 
|  78|0x0000000084e00000, 0x0000000084e00000, 0x0000000084f00000|  0%| F|  |TAMS 0x0000000084e00000, 0x0000000084e00000| Untracked 
|  79|0x0000000084f00000, 0x0000000084f00000, 0x0000000085000000|  0%| F|  |TAMS 0x0000000084f00000, 0x0000000084f00000| Untracked 
|  80|0x0000000085000000, 0x0000000085000000, 0x0000000085100000|  0%| F|  |TAMS 0x0000000085000000, 0x0000000085000000| Untracked 
|  81|0x0000000085100000, 0x0000000085100000, 0x0000000085200000|  0%| F|  |TAMS 0x0000000085100000, 0x0000000085100000| Untracked 
|  82|0x0000000085200000, 0x0000000085200000, 0x0000000085300000|  0%| F|  |TAMS 0x0000000085200000, 0x0000000085200000| Untracked 
|  83|0x0000000085300000, 0x0000000085300000, 0x0000000085400000|  0%| F|  |TAMS 0x0000000085300000, 0x0000000085300000| Untracked 
|  84|0x0000000085400000, 0x0000000085400000, 0x0000000085500000|  0%| F|  |TAMS 0x0000000085400000, 0x0000000085400000| Untracked 
|  85|0x0000000085500000, 0x0000000085500000, 0x0000000085600000|  0%| F|  |TAMS 0x0000000085500000, 0x0000000085500000| Untracked 
|  86|0x0000000085600000, 0x0000000085600000, 0x0000000085700000|  0%| F|  |TAMS 0x0000000085600000, 0x0000000085600000| Untracked 
|  87|0x0000000085700000, 0x0000000085700000, 0x0000000085800000|  0%| F|  |TAMS 0x0000000085700000, 0x0000000085700000| Untracked 
|  88|0x0000000085800000, 0x0000000085800000, 0x0000000085900000|  0%| F|  |TAMS 0x0000000085800000, 0x0000000085800000| Untracked 
|  89|0x0000000085900000, 0x0000000085900000, 0x0000000085a00000|  0%| F|  |TAMS 0x0000000085900000, 0x0000000085900000| Untracked 
|  90|0x0000000085a00000, 0x0000000085a00000, 0x0000000085b00000|  0%| F|  |TAMS 0x0000000085a00000, 0x0000000085a00000| Untracked 
|  91|0x0000000085b00000, 0x0000000085b00000, 0x0000000085c00000|  0%| F|  |TAMS 0x0000000085b00000, 0x0000000085b00000| Untracked 
|  92|0x0000000085c00000, 0x0000000085c00000, 0x0000000085d00000|  0%| F|  |TAMS 0x0000000085c00000, 0x0000000085c00000| Untracked 
|  93|0x0000000085d00000, 0x0000000085d00000, 0x0000000085e00000|  0%| F|  |TAMS 0x0000000085d00000, 0x0000000085d00000| Untracked 
|  94|0x0000000085e00000, 0x0000000085e00000, 0x0000000085f00000|  0%| F|  |TAMS 0x0000000085e00000, 0x0000000085e00000| Untracked 
|  95|0x0000000085f00000, 0x0000000085f00000, 0x0000000086000000|  0%| F|  |TAMS 0x0000000085f00000, 0x0000000085f00000| Untracked 
|  96|0x0000000086000000, 0x0000000086000000, 0x0000000086100000|  0%| F|  |TAMS 0x0000000086000000, 0x0000000086000000| Untracked 
|  97|0x0000000086100000, 0x0000000086100000, 0x0000000086200000|  0%| F|  |TAMS 0x0000000086100000, 0x0000000086100000| Untracked 
|  98|0x0000000086200000, 0x0000000086200000, 0x0000000086300000|  0%| F|  |TAMS 0x0000000086200000, 0x0000000086200000| Untracked 
|  99|0x0000000086300000, 0x0000000086400000, 0x0000000086400000|100%| E|CS|TAMS 0x0000000086300000, 0x0000000086300000| Complete 
| 100|0x0000000086400000, 0x0000000086500000, 0x0000000086500000|100%| E|CS|TAMS 0x0000000086400000, 0x0000000086400000| Complete 
| 101|0x0000000086500000, 0x0000000086600000, 0x0000000086600000|100%| E|CS|TAMS 0x0000000086500000, 0x0000000086500000| Complete 
| 102|0x0000000086600000, 0x0000000086700000, 0x0000000086700000|100%| E|CS|TAMS 0x0000000086600000, 0x0000000086600000| Complete 
| 103|0x0000000086700000, 0x0000000086800000, 0x0000000086800000|100%| E|CS|TAMS 0x0000000086700000, 0x0000000086700000| Complete 
| 104|0x0000000086800000, 0x0000000086900000, 0x0000000086900000|100%| E|CS|TAMS 0x0000000086800000, 0x0000000086800000| Complete 
| 105|0x0000000086900000, 0x0000000086a00000, 0x0000000086a00000|100%| E|CS|TAMS 0x0000000086900000, 0x0000000086900000| Complete 
| 106|0x0000000086a00000, 0x0000000086b00000, 0x0000000086b00000|100%| E|CS|TAMS 0x0000000086a00000, 0x0000000086a00000| Complete 
| 107|0x0000000086b00000, 0x0000000086c00000, 0x0000000086c00000|100%| E|CS|TAMS 0x0000000086b00000, 0x0000000086b00000| Complete 
| 108|0x0000000086c00000, 0x0000000086c00000, 0x0000000086d00000|  0%| F|  |TAMS 0x0000000086c00000, 0x0000000086c00000| Untracked 
| 109|0x0000000086d00000, 0x0000000086d00000, 0x0000000086e00000|  0%| F|  |TAMS 0x0000000086d00000, 0x0000000086d00000| Untracked 
| 110|0x0000000086e00000, 0x0000000086e00000, 0x0000000086f00000|  0%| F|  |TAMS 0x0000000086e00000, 0x0000000086e00000| Untracked 
| 111|0x0000000086f00000, 0x0000000086f00000, 0x0000000087000000|  0%| F|  |TAMS 0x0000000086f00000, 0x0000000086f00000| Untracked 
| 112|0x0000000087000000, 0x0000000087000000, 0x0000000087100000|  0%| F|  |TAMS 0x0000000087000000, 0x0000000087000000| Untracked 
| 113|0x0000000087100000, 0x0000000087100000, 0x0000000087200000|  0%| F|  |TAMS 0x0000000087100000, 0x0000000087100000| Untracked 
| 114|0x0000000087200000, 0x0000000087200000, 0x0000000087300000|  0%| F|  |TAMS 0x0000000087200000, 0x0000000087200000| Untracked 
| 115|0x0000000087300000, 0x0000000087300000, 0x0000000087400000|  0%| F|  |TAMS 0x0000000087300000, 0x0000000087300000| Untracked 
| 116|0x0000000087400000, 0x0000000087400000, 0x0000000087500000|  0%| F|  |TAMS 0x0000000087400000, 0x0000000087400000| Untracked 
| 117|0x0000000087500000, 0x0000000087500000, 0x0000000087600000|  0%| F|  |TAMS 0x0000000087500000, 0x0000000087500000| Untracked 
| 118|0x0000000087600000, 0x0000000087600000, 0x0000000087700000|  0%| F|  |TAMS 0x0000000087600000, 0x0000000087600000| Untracked 
| 119|0x0000000087700000, 0x0000000087700000, 0x0000000087800000|  0%| F|  |TAMS 0x0000000087700000, 0x0000000087700000| Untracked 
| 120|0x0000000087800000, 0x0000000087800000, 0x0000000087900000|  0%| F|  |TAMS 0x0000000087800000, 0x0000000087800000| Untracked 
| 121|0x0000000087900000, 0x0000000087900000, 0x0000000087a00000|  0%| F|  |TAMS 0x0000000087900000, 0x0000000087900000| Untracked 
| 122|0x0000000087a00000, 0x0000000087a00000, 0x0000000087b00000|  0%| F|  |TAMS 0x0000000087a00000, 0x0000000087a00000| Untracked 
| 123|0x0000000087b00000, 0x0000000087b00000, 0x0000000087c00000|  0%| F|  |TAMS 0x0000000087b00000, 0x0000000087b00000| Untracked 
| 124|0x0000000087c00000, 0x0000000087d00000, 0x0000000087d00000|100%| S|  |TAMS 0x0000000087c00000, 0x0000000087c00000| Complete 
| 125|0x0000000087d00000, 0x0000000087e00000, 0x0000000087e00000|100%| S|  |TAMS 0x0000000087d00000, 0x0000000087d00000| Complete 
| 126|0x0000000087e00000, 0x0000000087f00000, 0x0000000087f00000|100%| S|  |TAMS 0x0000000087e00000, 0x0000000087e00000| Complete 
| 127|0x0000000087f00000, 0x0000000088000000, 0x0000000088000000|100%| S|  |TAMS 0x0000000087f00000, 0x0000000087f00000| Complete 
| 128|0x0000000088000000, 0x0000000088100000, 0x0000000088100000|100%| S|  |TAMS 0x0000000088000000, 0x0000000088000000| Complete 
| 129|0x0000000088100000, 0x0000000088200000, 0x0000000088200000|100%| S|  |TAMS 0x0000000088100000, 0x0000000088100000| Complete 
| 130|0x0000000088200000, 0x0000000088300000, 0x0000000088300000|100%| S|  |TAMS 0x0000000088200000, 0x0000000088200000| Complete 
| 131|0x0000000088300000, 0x0000000088400000, 0x0000000088400000|100%| S|  |TAMS 0x0000000088300000, 0x0000000088300000| Complete 
| 132|0x0000000088400000, 0x0000000088500000, 0x0000000088500000|100%| S|  |TAMS 0x0000000088400000, 0x0000000088400000| Complete 
| 133|0x0000000088500000, 0x0000000088600000, 0x0000000088600000|100%| S|  |TAMS 0x0000000088500000, 0x0000000088500000| Complete 
| 134|0x0000000088600000, 0x0000000088700000, 0x0000000088700000|100%| E|CS|TAMS 0x0000000088600000, 0x0000000088600000| Complete 
| 135|0x0000000088700000, 0x0000000088800000, 0x0000000088800000|100%| E|CS|TAMS 0x0000000088700000, 0x0000000088700000| Complete 
| 136|0x0000000088800000, 0x0000000088900000, 0x0000000088900000|100%| E|CS|TAMS 0x0000000088800000, 0x0000000088800000| Complete 
| 137|0x0000000088900000, 0x0000000088a00000, 0x0000000088a00000|100%| E|CS|TAMS 0x0000000088900000, 0x0000000088900000| Complete 
| 138|0x0000000088a00000, 0x0000000088b00000, 0x0000000088b00000|100%| E|CS|TAMS 0x0000000088a00000, 0x0000000088a00000| Complete 
| 139|0x0000000088b00000, 0x0000000088c00000, 0x0000000088c00000|100%| E|CS|TAMS 0x0000000088b00000, 0x0000000088b00000| Complete 
| 140|0x0000000088c00000, 0x0000000088d00000, 0x0000000088d00000|100%| E|CS|TAMS 0x0000000088c00000, 0x0000000088c00000| Complete 
| 141|0x0000000088d00000, 0x0000000088e00000, 0x0000000088e00000|100%| E|CS|TAMS 0x0000000088d00000, 0x0000000088d00000| Complete 
| 142|0x0000000088e00000, 0x0000000088f00000, 0x0000000088f00000|100%| E|CS|TAMS 0x0000000088e00000, 0x0000000088e00000| Complete 
| 143|0x0000000088f00000, 0x0000000089000000, 0x0000000089000000|100%| E|CS|TAMS 0x0000000088f00000, 0x0000000088f00000| Complete 
| 144|0x0000000089000000, 0x0000000089100000, 0x0000000089100000|100%| E|CS|TAMS 0x0000000089000000, 0x0000000089000000| Complete 
| 145|0x0000000089100000, 0x0000000089200000, 0x0000000089200000|100%| E|CS|TAMS 0x0000000089100000, 0x0000000089100000| Complete 
| 146|0x0000000089200000, 0x0000000089300000, 0x0000000089300000|100%| E|CS|TAMS 0x0000000089200000, 0x0000000089200000| Complete 
| 147|0x0000000089300000, 0x0000000089400000, 0x0000000089400000|100%| E|CS|TAMS 0x0000000089300000, 0x0000000089300000| Complete 
| 148|0x0000000089400000, 0x0000000089500000, 0x0000000089500000|100%| E|CS|TAMS 0x0000000089400000, 0x0000000089400000| Complete 
| 149|0x0000000089500000, 0x0000000089600000, 0x0000000089600000|100%| E|CS|TAMS 0x0000000089500000, 0x0000000089500000| Complete 
| 150|0x0000000089600000, 0x0000000089700000, 0x0000000089700000|100%| E|CS|TAMS 0x0000000089600000, 0x0000000089600000| Complete 
| 151|0x0000000089700000, 0x0000000089800000, 0x0000000089800000|100%| E|CS|TAMS 0x0000000089700000, 0x0000000089700000| Complete 
| 152|0x0000000089800000, 0x0000000089900000, 0x0000000089900000|100%| E|CS|TAMS 0x0000000089800000, 0x0000000089800000| Complete 
| 153|0x0000000089900000, 0x0000000089a00000, 0x0000000089a00000|100%| E|CS|TAMS 0x0000000089900000, 0x0000000089900000| Complete 
| 154|0x0000000089a00000, 0x0000000089b00000, 0x0000000089b00000|100%| E|CS|TAMS 0x0000000089a00000, 0x0000000089a00000| Complete 
| 155|0x0000000089b00000, 0x0000000089c00000, 0x0000000089c00000|100%| E|CS|TAMS 0x0000000089b00000, 0x0000000089b00000| Complete 
| 156|0x0000000089c00000, 0x0000000089d00000, 0x0000000089d00000|100%| E|CS|TAMS 0x0000000089c00000, 0x0000000089c00000| Complete 
| 157|0x0000000089d00000, 0x0000000089e00000, 0x0000000089e00000|100%| E|CS|TAMS 0x0000000089d00000, 0x0000000089d00000| Complete 
| 158|0x0000000089e00000, 0x0000000089f00000, 0x0000000089f00000|100%| E|CS|TAMS 0x0000000089e00000, 0x0000000089e00000| Complete 
| 159|0x0000000089f00000, 0x000000008a000000, 0x000000008a000000|100%| E|CS|TAMS 0x0000000089f00000, 0x0000000089f00000| Complete 
| 160|0x000000008a000000, 0x000000008a100000, 0x000000008a100000|100%| E|CS|TAMS 0x000000008a000000, 0x000000008a000000| Complete 
| 161|0x000000008a100000, 0x000000008a200000, 0x000000008a200000|100%| E|CS|TAMS 0x000000008a100000, 0x000000008a100000| Complete 
| 162|0x000000008a200000, 0x000000008a300000, 0x000000008a300000|100%| E|CS|TAMS 0x000000008a200000, 0x000000008a200000| Complete 
| 163|0x000000008a300000, 0x000000008a400000, 0x000000008a400000|100%| E|CS|TAMS 0x000000008a300000, 0x000000008a300000| Complete 
| 164|0x000000008a400000, 0x000000008a500000, 0x000000008a500000|100%| E|CS|TAMS 0x000000008a400000, 0x000000008a400000| Complete 
| 165|0x000000008a500000, 0x000000008a600000, 0x000000008a600000|100%| E|CS|TAMS 0x000000008a500000, 0x000000008a500000| Complete 
| 166|0x000000008a600000, 0x000000008a700000, 0x000000008a700000|100%| E|CS|TAMS 0x000000008a600000, 0x000000008a600000| Complete 
| 167|0x000000008a700000, 0x000000008a800000, 0x000000008a800000|100%| E|CS|TAMS 0x000000008a700000, 0x000000008a700000| Complete 
| 168|0x000000008a800000, 0x000000008a900000, 0x000000008a900000|100%| E|CS|TAMS 0x000000008a800000, 0x000000008a800000| Complete 
| 169|0x000000008a900000, 0x000000008aa00000, 0x000000008aa00000|100%| E|CS|TAMS 0x000000008a900000, 0x000000008a900000| Complete 
| 170|0x000000008aa00000, 0x000000008ab00000, 0x000000008ab00000|100%| E|CS|TAMS 0x000000008aa00000, 0x000000008aa00000| Complete 
| 171|0x000000008ab00000, 0x000000008ac00000, 0x000000008ac00000|100%| E|CS|TAMS 0x000000008ab00000, 0x000000008ab00000| Complete 
| 172|0x000000008ac00000, 0x000000008ad00000, 0x000000008ad00000|100%| E|CS|TAMS 0x000000008ac00000, 0x000000008ac00000| Complete 
| 173|0x000000008ad00000, 0x000000008ae00000, 0x000000008ae00000|100%| E|CS|TAMS 0x000000008ad00000, 0x000000008ad00000| Complete 
| 174|0x000000008ae00000, 0x000000008af00000, 0x000000008af00000|100%| E|CS|TAMS 0x000000008ae00000, 0x000000008ae00000| Complete 
| 175|0x000000008af00000, 0x000000008b000000, 0x000000008b000000|100%| E|CS|TAMS 0x000000008af00000, 0x000000008af00000| Complete 
| 176|0x000000008b000000, 0x000000008b100000, 0x000000008b100000|100%| E|CS|TAMS 0x000000008b000000, 0x000000008b000000| Complete 
| 177|0x000000008b100000, 0x000000008b200000, 0x000000008b200000|100%| E|CS|TAMS 0x000000008b100000, 0x000000008b100000| Complete 
| 178|0x000000008b200000, 0x000000008b300000, 0x000000008b300000|100%| E|CS|TAMS 0x000000008b200000, 0x000000008b200000| Complete 
| 179|0x000000008b300000, 0x000000008b400000, 0x000000008b400000|100%| E|CS|TAMS 0x000000008b300000, 0x000000008b300000| Complete 
| 180|0x000000008b400000, 0x000000008b500000, 0x000000008b500000|100%| E|CS|TAMS 0x000000008b400000, 0x000000008b400000| Complete 
| 181|0x000000008b500000, 0x000000008b600000, 0x000000008b600000|100%| E|CS|TAMS 0x000000008b500000, 0x000000008b500000| Complete 
| 182|0x000000008b600000, 0x000000008b700000, 0x000000008b700000|100%| E|CS|TAMS 0x000000008b600000, 0x000000008b600000| Complete 
| 183|0x000000008b700000, 0x000000008b800000, 0x000000008b800000|100%| E|CS|TAMS 0x000000008b700000, 0x000000008b700000| Complete 
| 184|0x000000008b800000, 0x000000008b900000, 0x000000008b900000|100%| E|CS|TAMS 0x000000008b800000, 0x000000008b800000| Complete 
| 185|0x000000008b900000, 0x000000008ba00000, 0x000000008ba00000|100%| E|CS|TAMS 0x000000008b900000, 0x000000008b900000| Complete 
| 186|0x000000008ba00000, 0x000000008bb00000, 0x000000008bb00000|100%| E|CS|TAMS 0x000000008ba00000, 0x000000008ba00000| Complete 
| 187|0x000000008bb00000, 0x000000008bc00000, 0x000000008bc00000|100%| E|CS|TAMS 0x000000008bb00000, 0x000000008bb00000| Complete 
| 188|0x000000008bc00000, 0x000000008bd00000, 0x000000008bd00000|100%| E|CS|TAMS 0x000000008bc00000, 0x000000008bc00000| Complete 
| 189|0x000000008bd00000, 0x000000008be00000, 0x000000008be00000|100%| E|CS|TAMS 0x000000008bd00000, 0x000000008bd00000| Complete 
| 190|0x000000008be00000, 0x000000008bf00000, 0x000000008bf00000|100%| E|CS|TAMS 0x000000008be00000, 0x000000008be00000| Complete 
| 191|0x000000008bf00000, 0x000000008c000000, 0x000000008c000000|100%| E|CS|TAMS 0x000000008bf00000, 0x000000008bf00000| Complete 
| 192|0x000000008c000000, 0x000000008c100000, 0x000000008c100000|100%| E|CS|TAMS 0x000000008c000000, 0x000000008c000000| Complete 
| 193|0x000000008c100000, 0x000000008c200000, 0x000000008c200000|100%| E|CS|TAMS 0x000000008c100000, 0x000000008c100000| Complete 
| 194|0x000000008c200000, 0x000000008c300000, 0x000000008c300000|100%| E|CS|TAMS 0x000000008c200000, 0x000000008c200000| Complete 
| 195|0x000000008c300000, 0x000000008c400000, 0x000000008c400000|100%| E|CS|TAMS 0x000000008c300000, 0x000000008c300000| Complete 
| 196|0x000000008c400000, 0x000000008c500000, 0x000000008c500000|100%| E|CS|TAMS 0x000000008c400000, 0x000000008c400000| Complete 
| 197|0x000000008c500000, 0x000000008c600000, 0x000000008c600000|100%| E|CS|TAMS 0x000000008c500000, 0x000000008c500000| Complete 
| 198|0x000000008c600000, 0x000000008c700000, 0x000000008c700000|100%| E|CS|TAMS 0x000000008c600000, 0x000000008c600000| Complete 
| 199|0x000000008c700000, 0x000000008c800000, 0x000000008c800000|100%| E|CS|TAMS 0x000000008c700000, 0x000000008c700000| Complete 
| 200|0x000000008c800000, 0x000000008c900000, 0x000000008c900000|100%| E|CS|TAMS 0x000000008c800000, 0x000000008c800000| Complete 
| 201|0x000000008c900000, 0x000000008ca00000, 0x000000008ca00000|100%| E|CS|TAMS 0x000000008c900000, 0x000000008c900000| Complete 
| 202|0x000000008ca00000, 0x000000008cb00000, 0x000000008cb00000|100%| E|CS|TAMS 0x000000008ca00000, 0x000000008ca00000| Complete 
| 203|0x000000008cb00000, 0x000000008cc00000, 0x000000008cc00000|100%| E|CS|TAMS 0x000000008cb00000, 0x000000008cb00000| Complete 
| 204|0x000000008cc00000, 0x000000008cd00000, 0x000000008cd00000|100%| E|CS|TAMS 0x000000008cc00000, 0x000000008cc00000| Complete 
| 205|0x000000008cd00000, 0x000000008ce00000, 0x000000008ce00000|100%| E|CS|TAMS 0x000000008cd00000, 0x000000008cd00000| Complete 
| 206|0x000000008ce00000, 0x000000008cf00000, 0x000000008cf00000|100%| E|CS|TAMS 0x000000008ce00000, 0x000000008ce00000| Complete 
| 207|0x000000008cf00000, 0x000000008d000000, 0x000000008d000000|100%| E|CS|TAMS 0x000000008cf00000, 0x000000008cf00000| Complete 
| 208|0x000000008d000000, 0x000000008d100000, 0x000000008d100000|100%| E|CS|TAMS 0x000000008d000000, 0x000000008d000000| Complete 
| 209|0x000000008d100000, 0x000000008d200000, 0x000000008d200000|100%| E|CS|TAMS 0x000000008d100000, 0x000000008d100000| Complete 
| 210|0x000000008d200000, 0x000000008d300000, 0x000000008d300000|100%| E|CS|TAMS 0x000000008d200000, 0x000000008d200000| Complete 
| 211|0x000000008d300000, 0x000000008d400000, 0x000000008d400000|100%| E|CS|TAMS 0x000000008d300000, 0x000000008d300000| Complete 
| 212|0x000000008d400000, 0x000000008d500000, 0x000000008d500000|100%| E|CS|TAMS 0x000000008d400000, 0x000000008d400000| Complete 
| 213|0x000000008d500000, 0x000000008d600000, 0x000000008d600000|100%| E|CS|TAMS 0x000000008d500000, 0x000000008d500000| Complete 
| 214|0x000000008d600000, 0x000000008d700000, 0x000000008d700000|100%| E|CS|TAMS 0x000000008d600000, 0x000000008d600000| Complete 
| 215|0x000000008d700000, 0x000000008d800000, 0x000000008d800000|100%| E|CS|TAMS 0x000000008d700000, 0x000000008d700000| Complete 
| 216|0x000000008d800000, 0x000000008d900000, 0x000000008d900000|100%| E|CS|TAMS 0x000000008d800000, 0x000000008d800000| Complete 
| 217|0x000000008d900000, 0x000000008da00000, 0x000000008da00000|100%| E|CS|TAMS 0x000000008d900000, 0x000000008d900000| Complete 
| 218|0x000000008da00000, 0x000000008db00000, 0x000000008db00000|100%| E|CS|TAMS 0x000000008da00000, 0x000000008da00000| Complete 
| 219|0x000000008db00000, 0x000000008dc00000, 0x000000008dc00000|100%| E|CS|TAMS 0x000000008db00000, 0x000000008db00000| Complete 
| 220|0x000000008dc00000, 0x000000008dd00000, 0x000000008dd00000|100%| E|CS|TAMS 0x000000008dc00000, 0x000000008dc00000| Complete 
| 221|0x000000008dd00000, 0x000000008de00000, 0x000000008de00000|100%| E|CS|TAMS 0x000000008dd00000, 0x000000008dd00000| Complete 

Card table byte_map: [0x000001ef0f000000,0x000001ef0f400000] _byte_map_base: 0x000001ef0ec00000

Marking Bits (Prev, Next): (CMBitMap*) 0x000001ef7c2e9300, (CMBitMap*) 0x000001ef7c2e92c8
 Prev Bits: [0x000001ef11800000, 0x000001ef13800000)
 Next Bits: [0x000001ef0f800000, 0x000001ef11800000)

Polling page: 0x000001ef7a1c0000

Metaspace:

Usage:
  Non-class:     73.15 MB capacity,    71.84 MB ( 98%) used,     1.09 MB (  1%) free+waste,   229.81 KB ( <1%) overhead. 
      Class:     11.41 MB capacity,    10.66 MB ( 93%) used,   667.24 KB (  6%) free+waste,   104.69 KB ( <1%) overhead. 
       Both:     84.56 MB capacity,    82.50 MB ( 98%) used,     1.74 MB (  2%) free+waste,   334.50 KB ( <1%) overhead. 

Virtual space:
  Non-class space:       74.00 MB reserved,      73.37 MB (>99%) committed 
      Class space:        1.00 GB reserved,      11.45 MB (  1%) committed 
             Both:        1.07 GB reserved,      84.82 MB (  8%) committed 

Chunk freelists:
   Non-Class:  34.00 KB
       Class:  24.00 KB
        Both:  58.00 KB

MaxMetaspaceSize: 17179869184.00 GB
CompressedClassSpaceSize: 1.00 GB
Initial GC threshold: 20.80 MB
Current GC threshold: 98.04 MB
CDS: off

CodeHeap 'non-profiled nmethods': size=120064Kb used=4648Kb max_used=4648Kb free=115415Kb
 bounds [0x000001ef07ac0000, 0x000001ef07f50000, 0x000001ef0f000000]
CodeHeap 'profiled nmethods': size=120000Kb used=18938Kb max_used=18938Kb free=101061Kb
 bounds [0x000001ef00590000, 0x000001ef01810000, 0x000001ef07ac0000]
CodeHeap 'non-nmethods': size=5696Kb used=2388Kb max_used=2401Kb free=3307Kb
 bounds [0x000001ef00000000, 0x000001ef00270000, 0x000001ef00590000]
 total_blobs=9619 nmethods=8740 adapters=790
 compilation: enabled
              stopped_count=0, restarted_count=0
 full_count=0

Compilation events (20 events):
Event: 19.825 Thread 0x000001ef15b0b800 8769       3       org.gradle.internal.vfs.impl.DefaultFileSystemAccess::lambda$readSnapshotFromLocation$8 (18 bytes)
Event: 19.825 Thread 0x000001ef15b0b800 nmethod 8769 0x000001ef0180b610 code [0x000001ef0180b800, 0x000001ef0180bc58]
Event: 19.825 Thread 0x000001ef15b0b800 8770       3       org.gradle.internal.vfs.impl.DefaultFileSystemAccess$$Lambda$335/0x0000000100506040::get$Lambda (12 bytes)
Event: 19.825 Thread 0x000001ef15b0b800 nmethod 8770 0x000001ef0180be90 code [0x000001ef0180c060, 0x000001ef0180c3d8]
Event: 19.828 Thread 0x000001ef15b0b800 8771       3       org.gradle.internal.event.DefaultListenerManager$EventBroadcast::dispatch (9 bytes)
Event: 19.828 Thread 0x000001ef15b0b800 nmethod 8771 0x000001ef0180c510 code [0x000001ef0180c6e0, 0x000001ef0180c988]
Event: 19.835 Thread 0x000001ef15b0b800 8772       3       java.nio.MappedByteBuffer::flip (7 bytes)
Event: 19.835 Thread 0x000001ef15b0b800 nmethod 8772 0x000001ef0180ca90 code [0x000001ef0180cc40, 0x000001ef0180ce18]
Event: 19.835 Thread 0x000001ef15b0b800 8773       3       sun.nio.ch.IOStatus::normalize (10 bytes)
Event: 19.835 Thread 0x000001ef15b0b800 nmethod 8773 0x000001ef0180cf10 code [0x000001ef0180d0c0, 0x000001ef0180d1f8]
Event: 19.835 Thread 0x000001ef15b0b800 8774       1       org.gradle.internal.execution.impl.DefaultExecutionEngine::access$200 (5 bytes)
Event: 19.835 Thread 0x000001ef15b0b800 nmethod 8774 0x000001ef07f49990 code [0x000001ef07f49b40, 0x000001ef07f49bd8]
Event: 19.838 Thread 0x000001ef15b0b800 8775       3       org.gradle.internal.classloader.CachingClassLoader::equals (33 bytes)
Event: 19.838 Thread 0x000001ef15b0b800 nmethod 8775 0x000001ef0180d290 code [0x000001ef0180d460, 0x000001ef0180d8a8]
Event: 19.843 Thread 0x000001ef15b0b800 8776       1       org.gradle.internal.MutableReference::set (6 bytes)
Event: 19.843 Thread 0x000001ef15b0b800 nmethod 8776 0x000001ef07f49c90 code [0x000001ef07f49e40, 0x000001ef07f49f38]
Event: 19.847 Thread 0x000001ef15b0b800 8777       1       org.gradle.internal.fingerprint.impl.AbstractFingerprintingStrategy::getEmptyFingerprint (5 bytes)
Event: 19.847 Thread 0x000001ef15b0b800 nmethod 8777 0x000001ef07f49f90 code [0x000001ef07f4a140, 0x000001ef07f4a1f8]
Event: 19.848 Thread 0x000001ef15b0b800 8778       3       org.gradle.internal.snapshot.PathUtil::equalChars (60 bytes)
Event: 19.849 Thread 0x000001ef15b0b800 nmethod 8778 0x000001ef0180d990 code [0x000001ef0180dc20, 0x000001ef0180e798]

GC Heap History (20 events):
Event: 4.603 GC heap after
{Heap after GC invocations=7 (full 0):
 garbage-first heap   total 131072K, used 18051K [0x0000000080000000, 0x0000000100000000)
  region size 1024K, 3 young (3072K), 3 survivors (3072K)
 Metaspace       used 24702K, capacity 25296K, committed 25648K, reserved 1071104K
  class space    used 3153K, capacity 3354K, committed 3456K, reserved 1048576K
}
Event: 5.618 GC heap before
{Heap before GC invocations=7 (full 0):
 garbage-first heap   total 131072K, used 72323K [0x0000000080000000, 0x0000000100000000)
  region size 1024K, 56 young (57344K), 3 survivors (3072K)
 Metaspace       used 30185K, capacity 30848K, committed 31152K, reserved 1077248K
  class space    used 4034K, capacity 4276K, committed 4352K, reserved 1048576K
}
Event: 5.628 GC heap after
{Heap after GC invocations=8 (full 0):
 garbage-first heap   total 157696K, used 19842K [0x0000000080000000, 0x0000000100000000)
  region size 1024K, 5 young (5120K), 5 survivors (5120K)
 Metaspace       used 30185K, capacity 30848K, committed 31152K, reserved 1077248K
  class space    used 4034K, capacity 4276K, committed 4352K, reserved 1048576K
}
Event: 6.145 GC heap before
{Heap before GC invocations=8 (full 0):
 garbage-first heap   total 157696K, used 36226K [0x0000000080000000, 0x0000000100000000)
  region size 1024K, 22 young (22528K), 5 survivors (5120K)
 Metaspace       used 34839K, capacity 35667K, committed 35708K, reserved 1081344K
  class space    used 4509K, capacity 4839K, committed 4864K, reserved 1048576K
}
Event: 6.158 GC heap after
{Heap after GC invocations=9 (full 0):
 garbage-first heap   total 157696K, used 22229K [0x0000000080000000, 0x0000000100000000)
  region size 1024K, 7 young (7168K), 7 survivors (7168K)
 Metaspace       used 34839K, capacity 35667K, committed 35708K, reserved 1081344K
  class space    used 4509K, capacity 4839K, committed 4864K, reserved 1048576K
}
Event: 7.359 GC heap before
{Heap before GC invocations=10 (full 0):
 garbage-first heap   total 157696K, used 85717K [0x0000000080000000, 0x0000000100000000)
  region size 1024K, 67 young (68608K), 7 survivors (7168K)
 Metaspace       used 39726K, capacity 40728K, committed 40904K, reserved 1085440K
  class space    used 5075K, capacity 5394K, committed 5452K, reserved 1048576K
}
Event: 7.378 GC heap after
{Heap after GC invocations=11 (full 0):
 garbage-first heap   total 157696K, used 27053K [0x0000000080000000, 0x0000000100000000)
  region size 1024K, 9 young (9216K), 9 survivors (9216K)
 Metaspace       used 39726K, capacity 40728K, committed 40904K, reserved 1085440K
  class space    used 5075K, capacity 5394K, committed 5452K, reserved 1048576K
}
Event: 8.542 GC heap before
{Heap before GC invocations=11 (full 0):
 garbage-first heap   total 157696K, used 91565K [0x0000000080000000, 0x0000000100000000)
  region size 1024K, 71 young (72704K), 9 survivors (9216K)
 Metaspace       used 45250K, capacity 46375K, committed 46536K, reserved 1089536K
  class space    used 5813K, capacity 6200K, committed 6220K, reserved 1048576K
}
Event: 8.561 GC heap after
{Heap after GC invocations=12 (full 0):
 garbage-first heap   total 157696K, used 29240K [0x0000000080000000, 0x0000000100000000)
  region size 1024K, 3 young (3072K), 3 survivors (3072K)
 Metaspace       used 45250K, capacity 46375K, committed 46536K, reserved 1089536K
  class space    used 5813K, capacity 6200K, committed 6220K, reserved 1048576K
}
Event: 10.666 GC heap before
{Heap before GC invocations=12 (full 0):
 garbage-first heap   total 157696K, used 98872K [0x0000000080000000, 0x0000000100000000)
  region size 1024K, 68 young (69632K), 3 survivors (3072K)
 Metaspace       used 48597K, capacity 49911K, committed 50120K, reserved 1093632K
  class space    used 6191K, capacity 6622K, committed 6732K, reserved 1048576K
}
Event: 10.685 GC heap after
{Heap after GC invocations=13 (full 0):
 garbage-first heap   total 189440K, used 44032K [0x0000000080000000, 0x0000000100000000)
  region size 1024K, 9 young (9216K), 9 survivors (9216K)
 Metaspace       used 48597K, capacity 49911K, committed 50120K, reserved 1093632K
  class space    used 6191K, capacity 6622K, committed 6732K, reserved 1048576K
}
Event: 12.538 GC heap before
{Heap before GC invocations=13 (full 0):
 garbage-first heap   total 189440K, used 116736K [0x0000000080000000, 0x0000000100000000)
  region size 1024K, 81 young (82944K), 9 survivors (9216K)
 Metaspace       used 58485K, capacity 59939K, committed 59976K, reserved 1101824K
  class space    used 7350K, capacity 7862K, committed 7884K, reserved 1048576K
}
Event: 12.558 GC heap after
{Heap after GC invocations=14 (full 0):
 garbage-first heap   total 189440K, used 48645K [0x0000000080000000, 0x0000000100000000)
  region size 1024K, 4 young (4096K), 4 survivors (4096K)
 Metaspace       used 58485K, capacity 59939K, committed 59976K, reserved 1101824K
  class space    used 7350K, capacity 7862K, committed 7884K, reserved 1048576K
}
Event: 14.229 GC heap before
{Heap before GC invocations=15 (full 0):
 garbage-first heap   total 189440K, used 123397K [0x0000000080000000, 0x0000000100000000)
  region size 1024K, 77 young (78848K), 4 survivors (4096K)
 Metaspace       used 66152K, capacity 67757K, committed 67912K, reserved 1107968K
  class space    used 8326K, capacity 8895K, committed 8908K, reserved 1048576K
}
Event: 14.246 GC heap after
{Heap after GC invocations=16 (full 0):
 garbage-first heap   total 189440K, used 54789K [0x0000000080000000, 0x0000000100000000)
  region size 1024K, 10 young (10240K), 10 survivors (10240K)
 Metaspace       used 66152K, capacity 67757K, committed 67912K, reserved 1107968K
  class space    used 8326K, capacity 8895K, committed 8908K, reserved 1048576K
}
Event: 15.548 GC heap before
{Heap before GC invocations=16 (full 0):
 garbage-first heap   total 189440K, used 129541K [0x0000000080000000, 0x0000000100000000)
  region size 1024K, 83 young (84992K), 10 survivors (10240K)
 Metaspace       used 71428K, capacity 73152K, committed 73288K, reserved 1112064K
  class space    used 9219K, capacity 9817K, committed 9932K, reserved 1048576K
}
Event: 15.571 GC heap after
{Heap after GC invocations=17 (full 0):
 garbage-first heap   total 189440K, used 59364K [0x0000000080000000, 0x0000000100000000)
  region size 1024K, 6 young (6144K), 6 survivors (6144K)
 Metaspace       used 71428K, capacity 73152K, committed 73288K, reserved 1112064K
  class space    used 9219K, capacity 9817K, committed 9932K, reserved 1048576K
}
Event: 17.121 GC heap before
{Heap before GC invocations=17 (full 0):
 garbage-first heap   total 189440K, used 134116K [0x0000000080000000, 0x0000000100000000)
  region size 1024K, 79 young (80896K), 6 survivors (6144K)
 Metaspace       used 79068K, capacity 80959K, committed 80968K, reserved 1120256K
  class space    used 10291K, capacity 10955K, committed 10956K, reserved 1048576K
}
Event: 17.140 GC heap after
{Heap after GC invocations=18 (full 0):
 garbage-first heap   total 227328K, used 62948K [0x0000000080000000, 0x0000000100000000)
  region size 1024K, 9 young (9216K), 9 survivors (9216K)
 Metaspace       used 79068K, capacity 80959K, committed 80968K, reserved 1120256K
  class space    used 10291K, capacity 10955K, committed 10956K, reserved 1048576K
}
Event: 19.850 GC heap before
{Heap before GC invocations=18 (full 0):
 garbage-first heap   total 227328K, used 152036K [0x0000000080000000, 0x0000000100000000)
  region size 1024K, 97 young (99328K), 9 survivors (9216K)
 Metaspace       used 84475K, capacity 86594K, committed 86856K, reserved 1124352K
  class space    used 10916K, capacity 11688K, committed 11724K, reserved 1048576K
}

Deoptimization events (20 events):
Event: 19.278 Thread 0x000001ef1a909800 DEOPT PACKING pc=0x000001ef07f17f4c sp=0x0000008ed6bfaa40
Event: 19.278 Thread 0x000001ef1a909800 DEOPT UNPACKING pc=0x000001ef0004a1a9 sp=0x0000008ed6bfa9c0 mode 2
Event: 19.350 Thread 0x000001ef19079800 DEOPT PACKING pc=0x000001ef0176b231 sp=0x0000008ed53fb9d0
Event: 19.350 Thread 0x000001ef19079800 DEOPT UNPACKING pc=0x000001ef0004a93f sp=0x0000008ed53fae98 mode 0
Event: 19.380 Thread 0x000001ef19079800 DEOPT PACKING pc=0x000001ef014af544 sp=0x0000008ed53fbd60
Event: 19.380 Thread 0x000001ef19079800 DEOPT UNPACKING pc=0x000001ef0004a93f sp=0x0000008ed53fb300 mode 0
Event: 19.510 Thread 0x000001ef19079800 DEOPT PACKING pc=0x000001ef014af544 sp=0x0000008ed53fd1c0
Event: 19.510 Thread 0x000001ef19079800 DEOPT UNPACKING pc=0x000001ef0004a93f sp=0x0000008ed53fc760 mode 0
Event: 19.614 Thread 0x000001ef1a909800 DEOPT PACKING pc=0x000001ef014af544 sp=0x0000008ed6bf9f20
Event: 19.614 Thread 0x000001ef1a909800 DEOPT UNPACKING pc=0x000001ef0004a93f sp=0x0000008ed6bf94c0 mode 0
Event: 19.649 Thread 0x000001ef1a903800 Uncommon trap: trap_request=0xfffffff4 fr.pc=0x000001ef07f42c78 relative=0x00000000000000d8
Event: 19.649 Thread 0x000001ef1a903800 Uncommon trap: reason=null_check action=make_not_entrant pc=0x000001ef07f42c78 method=org.gradle.tooling.internal.provider.runner.ClientBuildEventGenerator$Disabled.accept(Lorg/gradle/internal/operations/BuildOperationDescriptor;)Lorg/gradle/tooling/inter
Event: 19.649 Thread 0x000001ef1a903800 DEOPT PACKING pc=0x000001ef07f42c78 sp=0x0000008ed64fe2a0
Event: 19.649 Thread 0x000001ef1a903800 DEOPT UNPACKING pc=0x000001ef0004a1a9 sp=0x0000008ed64fe228 mode 2
Event: 19.820 Thread 0x000001ef1a8fe800 DEOPT PACKING pc=0x000001ef014af544 sp=0x0000008ed66fd990
Event: 19.820 Thread 0x000001ef1a8fe800 DEOPT UNPACKING pc=0x000001ef0004a93f sp=0x0000008ed66fcf30 mode 0
Event: 19.845 Thread 0x000001ef1a8fd000 Uncommon trap: trap_request=0xffffff4d fr.pc=0x000001ef07d303e8 relative=0x00000000000001a8
Event: 19.845 Thread 0x000001ef1a8fd000 Uncommon trap: reason=unstable_if action=reinterpret pc=0x000001ef07d303e8 method=org.gradle.internal.snapshot.PathUtil.equalChars(CCLorg/gradle/internal/snapshot/CaseSensitivity;)Z @ 11 c2
Event: 19.845 Thread 0x000001ef1a8fd000 DEOPT PACKING pc=0x000001ef07d303e8 sp=0x0000008ed62fc730
Event: 19.845 Thread 0x000001ef1a8fd000 DEOPT UNPACKING pc=0x000001ef0004a1a9 sp=0x0000008ed62fc6c8 mode 2

Classes redefined (0 events):
No events

Internal exceptions (20 events):
Event: 17.888 Thread 0x000001ef183c2000 Exception <a 'sun/nio/fs/WindowsException'{0x000000008bd3dbb8}> (0x000000008bd3dbb8) thrown at [./src/hotspot/share/prims/jni.cpp, line 615]
Event: 17.971 Thread 0x000001ef1a906000 Exception <a 'java/lang/NoSuchMethodError'{0x000000008b778d20}: <clinit>> (0x000000008b778d20) thrown at [./src/hotspot/share/prims/jni.cpp, line 1365]
Event: 17.977 Thread 0x000001ef1a906000 Exception <a 'java/lang/NoSuchMethodError'{0x000000008b78d728}: <clinit>> (0x000000008b78d728) thrown at [./src/hotspot/share/prims/jni.cpp, line 1365]
Event: 17.980 Thread 0x000001ef1a906000 Exception <a 'java/lang/NoSuchMethodError'{0x000000008b7afdb0}: <clinit>> (0x000000008b7afdb0) thrown at [./src/hotspot/share/prims/jni.cpp, line 1365]
Event: 17.989 Thread 0x000001ef18344800 Exception <a 'java/lang/NoSuchMethodError'{0x000000008b6076d8}: <clinit>> (0x000000008b6076d8) thrown at [./src/hotspot/share/prims/jni.cpp, line 1365]
Event: 17.990 Thread 0x000001ef18344800 Exception <a 'java/lang/NoSuchMethodError'{0x000000008b612808}: <clinit>> (0x000000008b612808) thrown at [./src/hotspot/share/prims/jni.cpp, line 1365]
Event: 17.992 Thread 0x000001ef18344800 Exception <a 'java/lang/NoSuchMethodError'{0x000000008b62d230}: <clinit>> (0x000000008b62d230) thrown at [./src/hotspot/share/prims/jni.cpp, line 1365]
Event: 17.994 Thread 0x000001ef18344800 Exception <a 'java/lang/NoSuchMethodError'{0x000000008b63ed40}: <clinit>> (0x000000008b63ed40) thrown at [./src/hotspot/share/prims/jni.cpp, line 1365]
Event: 17.994 Thread 0x000001ef18344800 Exception <a 'java/lang/NoSuchMethodError'{0x000000008b640260}: <clinit>> (0x000000008b640260) thrown at [./src/hotspot/share/prims/jni.cpp, line 1365]
Event: 18.067 Thread 0x000001ef183c2000 Exception <a 'java/lang/IncompatibleClassChangeError'{0x000000008b6c5278}: Found class java.lang.Object, but interface was expected> (0x000000008b6c5278) thrown at [./src/hotspot/share/interpreter/linkResolver.cpp, line 839]
Event: 18.091 Thread 0x000001ef183c2000 Exception <a 'java/lang/NoSuchMethodError'{0x000000008b4a5e58}: 'java.lang.Object java.lang.invoke.DirectMethodHandle$Holder.invokeInterface(java.lang.Object, java.lang.Object, int)'> (0x000000008b4a5e58) thrown at [./src/hotspot/share/interpreter/linkResolver.cpp, line 773]
Event: 18.095 Thread 0x000001ef183c2000 Exception <a 'java/lang/NoSuchMethodError'{0x000000008b4bb2e0}: 'void java.lang.invoke.DirectMethodHandle$Holder.invokeStatic(java.lang.Object, java.lang.Object, java.lang.Object, int)'> (0x000000008b4bb2e0) thrown at [./src/hotspot/share/interpreter/linkResolver.cpp, line 773]
Event: 18.108 Thread 0x000001ef18344800 Exception <a 'java/lang/NoSuchMethodError'{0x000000008b389d48}: <clinit>> (0x000000008b389d48) thrown at [./src/hotspot/share/prims/jni.cpp, line 1365]
Event: 18.204 Thread 0x000001ef183c2000 Implicit null exception at 0x000001ef07d3d9f7 to 0x000001ef07d3db8c
Event: 18.296 Thread 0x000001ef183c2000 Exception <a 'java/lang/IncompatibleClassChangeError'{0x000000008b2a3808}: Found class java.lang.Object, but interface was expected> (0x000000008b2a3808) thrown at [./src/hotspot/share/interpreter/linkResolver.cpp, line 839]
Event: 18.344 Thread 0x000001ef183c2000 Exception <a 'java/lang/NoSuchMethodError'{0x000000008afcdf88}: 'int java.lang.invoke.DirectMethodHandle$Holder.invokeStaticInit(java.lang.Object, java.lang.Object, java.lang.Object, java.lang.Object, java.lang.Object)'> (0x000000008afcdf88) thrown at [./src/hotspot/share/interpreter/linkResolver.cpp, line 773]
Event: 18.924 Thread 0x000001ef1a909800 Exception <a 'java/lang/NoSuchMethodError'{0x000000008a8da048}: 'void java.lang.invoke.DirectMethodHandle$Holder.invokeStatic(java.lang.Object, java.lang.Object, java.lang.Object, java.lang.Object, int, java.lang.Object, java.lang.Object)'> (0x000000008a8da048) thrown at [./src/hotspot/share/interpreter/linkResolver.cpp, line 773]
Event: 18.951 Thread 0x000001ef1a909800 Exception <a 'java/lang/NoSuchMethodError'{0x000000008a4a0f30}: 'java.lang.Object java.lang.invoke.DirectMethodHandle$Holder.invokeSpecialIFC(java.lang.Object, java.lang.Object, java.lang.Object)'> (0x000000008a4a0f30) thrown at [./src/hotspot/share/interpreter/linkResolver.cpp, line 773]
Event: 19.290 Thread 0x000001ef1a909800 Exception <a 'java/lang/NoSuchMethodError'{0x0000000089a70958}: 'void java.lang.invoke.DirectMethodHandle$Holder.invokeVirtual(java.lang.Object, java.lang.Object)'> (0x0000000089a70958) thrown at [./src/hotspot/share/interpreter/linkResolver.cpp, line 773]
Event: 19.649 Thread 0x000001ef1a903800 Implicit null exception at 0x000001ef07f42bdb to 0x000001ef07f42c6c

Events (20 events):
Event: 19.534 Executing VM operation: RevokeBias done
Event: 19.545 Executing VM operation: RevokeBias
Event: 19.545 Executing VM operation: RevokeBias done
Event: 19.548 Executing VM operation: RevokeBias
Event: 19.548 Executing VM operation: RevokeBias done
Event: 19.564 Executing VM operation: RevokeBias
Event: 19.565 Executing VM operation: RevokeBias done
Event: 19.567 Executing VM operation: RevokeBias
Event: 19.567 Executing VM operation: RevokeBias done
Event: 19.610 Executing VM operation: RevokeBias
Event: 19.611 Executing VM operation: RevokeBias done
Event: 19.627 Executing VM operation: RevokeBias
Event: 19.628 Executing VM operation: RevokeBias done
Event: 19.649 Executing VM operation: RevokeBias
Event: 19.649 Executing VM operation: RevokeBias done
Event: 19.650 Executing VM operation: RevokeBias
Event: 19.650 Executing VM operation: RevokeBias done
Event: 19.669 Executing VM operation: BulkRevokeBias
Event: 19.670 Executing VM operation: BulkRevokeBias done
Event: 19.850 Executing VM operation: G1CollectForAllocation


Dynamic libraries:
0x00007ff60f420000 - 0x00007ff60f42a000 	C:\Program Files\Android\Android Studio\jre\bin\java.exe
0x00007ffaa3470000 - 0x00007ffaa3667000 	C:\WINDOWS\SYSTEM32\ntdll.dll
0x00007ffaa1500000 - 0x00007ffaa15bd000 	C:\WINDOWS\System32\KERNEL32.DLL
0x00007ffaa11d0000 - 0x00007ffaa149d000 	C:\WINDOWS\System32\KERNELBASE.dll
0x00007ffaa0c40000 - 0x00007ffaa0d40000 	C:\WINDOWS\System32\ucrtbase.dll
0x00007ffa901e0000 - 0x00007ffa901f7000 	C:\Program Files\Android\Android Studio\jre\bin\VCRUNTIME140.dll
0x00007ffa9c650000 - 0x00007ffa9c669000 	C:\Program Files\Android\Android Studio\jre\bin\jli.dll
0x00007ffaa1ee0000 - 0x00007ffaa2080000 	C:\WINDOWS\System32\USER32.dll
0x00007ffaa10b0000 - 0x00007ffaa10d2000 	C:\WINDOWS\System32\win32u.dll
0x00007ffaa14d0000 - 0x00007ffaa14fa000 	C:\WINDOWS\System32\GDI32.dll
0x00007ffaa0dd0000 - 0x00007ffaa0edb000 	C:\WINDOWS\System32\gdi32full.dll
0x00007ffaa10e0000 - 0x00007ffaa117d000 	C:\WINDOWS\System32\msvcp_win.dll
0x00007ffa8ec40000 - 0x00007ffa8eeda000 	C:\WINDOWS\WinSxS\amd64_microsoft.windows.common-controls_6595b64144ccf1df_6.0.19041.1110_none_60b5254171f9507e\COMCTL32.dll
0x00007ffaa2930000 - 0x00007ffaa29ce000 	C:\WINDOWS\System32\msvcrt.dll
0x00007ffaa3190000 - 0x00007ffaa31c0000 	C:\WINDOWS\System32\IMM32.DLL
0x00007ffa8cde0000 - 0x00007ffa8ce7d000 	C:\Program Files\Android\Android Studio\jre\bin\msvcp140.dll
0x00007ffa754e0000 - 0x00007ffa75fc5000 	C:\Program Files\Android\Android Studio\jre\bin\server\jvm.dll
0x00007ffaa31c0000 - 0x00007ffaa326e000 	C:\WINDOWS\System32\ADVAPI32.dll
0x00007ffaa2b20000 - 0x00007ffaa2bbc000 	C:\WINDOWS\System32\sechost.dll
0x00007ffaa3300000 - 0x00007ffaa3425000 	C:\WINDOWS\System32\RPCRT4.dll
0x00007ffaa2920000 - 0x00007ffaa2928000 	C:\WINDOWS\System32\PSAPI.DLL
0x00007ffa91110000 - 0x00007ffa91119000 	C:\WINDOWS\SYSTEM32\WSOCK32.dll
0x00007ffaa29d0000 - 0x00007ffaa2a3b000 	C:\WINDOWS\System32\WS2_32.dll
0x00007ffa8ea90000 - 0x00007ffa8eab7000 	C:\WINDOWS\SYSTEM32\WINMM.dll
0x00007ffa92a00000 - 0x00007ffa92a0a000 	C:\WINDOWS\SYSTEM32\VERSION.dll
0x00007ffa9eab0000 - 0x00007ffa9eac2000 	C:\WINDOWS\SYSTEM32\kernel.appcore.dll
0x00007ffa8fa40000 - 0x00007ffa8fa51000 	C:\Program Files\Android\Android Studio\jre\bin\verify.dll
0x00007ffa90f00000 - 0x00007ffa910e4000 	C:\WINDOWS\SYSTEM32\DBGHELP.DLL
0x00007ffa90ed0000 - 0x00007ffa90efc000 	C:\WINDOWS\SYSTEM32\dbgcore.DLL
0x00007ffaa0d40000 - 0x00007ffaa0dc2000 	C:\WINDOWS\System32\bcryptPrimitives.dll
0x00007ffa8d0b0000 - 0x00007ffa8d0d9000 	C:\Program Files\Android\Android Studio\jre\bin\java.dll
0x00007ffa91a50000 - 0x00007ffa91a5b000 	C:\Program Files\Android\Android Studio\jre\bin\jimage.dll
0x00007ffa8dc70000 - 0x00007ffa8dc88000 	C:\Program Files\Android\Android Studio\jre\bin\zip.dll
0x00007ffaa2090000 - 0x00007ffaa27d4000 	C:\WINDOWS\System32\SHELL32.dll
0x00007ffa9ecb0000 - 0x00007ffa9f444000 	C:\WINDOWS\SYSTEM32\windows.storage.dll
0x00007ffaa2d70000 - 0x00007ffaa30c4000 	C:\WINDOWS\System32\combase.dll
0x00007ffaa0520000 - 0x00007ffaa054c000 	C:\WINDOWS\SYSTEM32\Wldp.dll
0x00007ffaa1d80000 - 0x00007ffaa1e2d000 	C:\WINDOWS\System32\SHCORE.dll
0x00007ffaa30d0000 - 0x00007ffaa3125000 	C:\WINDOWS\System32\shlwapi.dll
0x00007ffaa0ad0000 - 0x00007ffaa0aef000 	C:\WINDOWS\SYSTEM32\profapi.dll
0x00007ffa8d620000 - 0x00007ffa8d63a000 	C:\Program Files\Android\Android Studio\jre\bin\net.dll
0x00007ffa96ff0000 - 0x00007ffa970fa000 	C:\WINDOWS\SYSTEM32\WINHTTP.dll
0x00007ffaa0280000 - 0x00007ffaa02ea000 	C:\WINDOWS\system32\mswsock.dll
0x00007ffa8d090000 - 0x00007ffa8d0a4000 	C:\Program Files\Android\Android Studio\jre\bin\nio.dll
0x00007ffa9c670000 - 0x00007ffa9c697000 	C:\Users\sujan\.gradle\native\e1d6ef7f7dcc3fd88c89a11ec53ec762bb8ba0a96d01ffa2cd45eb1d1d8dd5c5\windows-amd64\native-platform.dll
0x00007ffa79600000 - 0x00007ffa79744000 	C:\Users\sujan\.gradle\native\5664cfc778a61ccfe75a443a1ab52a65af34e5dc3c78e0209fed803814484fcb\windows-amd64\native-platform-file-events.dll
0x00007ffa91720000 - 0x00007ffa9172a000 	C:\Program Files\Android\Android Studio\jre\bin\management.dll
0x00007ffa915e0000 - 0x00007ffa915ed000 	C:\Program Files\Android\Android Studio\jre\bin\management_ext.dll
0x00007ffaa0470000 - 0x00007ffaa0488000 	C:\WINDOWS\SYSTEM32\CRYPTSP.dll
0x00007ffa9fc00000 - 0x00007ffa9fc34000 	C:\WINDOWS\system32\rsaenh.dll
0x00007ffaa14a0000 - 0x00007ffaa14c7000 	C:\WINDOWS\System32\bcrypt.dll
0x00007ffaa0a90000 - 0x00007ffaa0abe000 	C:\WINDOWS\SYSTEM32\USERENV.dll
0x00007ffaa0490000 - 0x00007ffaa049c000 	C:\WINDOWS\SYSTEM32\CRYPTBASE.dll
0x00007ffa9ff70000 - 0x00007ffa9ffab000 	C:\WINDOWS\SYSTEM32\IPHLPAPI.DLL
0x00007ffaa2080000 - 0x00007ffaa2088000 	C:\WINDOWS\System32\NSI.dll
0x00007ffa99a30000 - 0x00007ffa99a47000 	C:\WINDOWS\SYSTEM32\dhcpcsvc6.DLL
0x00007ffa9a3b0000 - 0x00007ffa9a3cd000 	C:\WINDOWS\SYSTEM32\dhcpcsvc.DLL
0x00007ffa9ffc0000 - 0x00007ffaa008b000 	C:\WINDOWS\SYSTEM32\DNSAPI.dll

dbghelp: loaded successfully - version: 4.0.5 - missing functions: none
symbol engine: initialized successfully - sym options: 0x614 - pdb path: .;C:\Program Files\Android\Android Studio\jre\bin;C:\WINDOWS\SYSTEM32;C:\WINDOWS\WinSxS\amd64_microsoft.windows.common-controls_6595b64144ccf1df_6.0.19041.1110_none_60b5254171f9507e;C:\Program Files\Android\Android Studio\jre\bin\server;C:\Users\sujan\.gradle\native\e1d6ef7f7dcc3fd88c89a11ec53ec762bb8ba0a96d01ffa2cd45eb1d1d8dd5c5\windows-amd64;C:\Users\sujan\.gradle\native\5664cfc778a61ccfe75a443a1ab52a65af34e5dc3c78e0209fed803814484fcb\windows-amd64

VM Arguments:
jvm_args: --add-opens=java.base/java.util=ALL-UNNAMED --add-opens=java.base/java.lang=ALL-UNNAMED --add-opens=java.base/java.lang.invoke=ALL-UNNAMED --add-opens=java.base/java.util=ALL-UNNAMED --add-opens=java.prefs/java.util.prefs=ALL-UNNAMED --add-opens=java.prefs/java.util.prefs=ALL-UNNAMED --add-opens=java.base/java.nio.charset=ALL-UNNAMED --add-opens=java.base/java.net=ALL-UNNAMED --add-opens=java.base/java.util.concurrent.atomic=ALL-UNNAMED -Xmx2048m -Dfile.encoding=UTF-8 -Duser.country=US -Duser.language=en -Duser.variant 
java_command: org.gradle.launcher.daemon.bootstrap.GradleDaemon 7.3.3
java_class_path (initial): C:\Users\sujan\.gradle\wrapper\dists\gradle-7.3.3-bin\6a41zxkdtcxs8rphpq6y0069z\gradle-7.3.3\lib\gradle-launcher-7.3.3.jar
Launcher Type: SUN_STANDARD

[Global flags]
     intx CICompilerCount                          = 2                                         {product} {ergonomic}
     uint ConcGCThreads                            = 1                                         {product} {ergonomic}
     uint G1ConcRefinementThreads                  = 2                                         {product} {ergonomic}
   size_t G1HeapRegionSize                         = 1048576                                   {product} {ergonomic}
    uintx GCDrainStackTargetSize                   = 64                                        {product} {ergonomic}
   size_t InitialHeapSize                          = 134217728                                 {product} {ergonomic}
   size_t MarkStackSize                            = 4194304                                   {product} {ergonomic}
   size_t MaxHeapSize                              = 2147483648                                {product} {command line}
   size_t MaxNewSize                               = 1287651328                                {product} {ergonomic}
   size_t MinHeapDeltaBytes                        = 1048576                                   {product} {ergonomic}
    uintx NonNMethodCodeHeapSize                   = 5825164                                {pd product} {ergonomic}
    uintx NonProfiledCodeHeapSize                  = 122916538                              {pd product} {ergonomic}
    uintx ProfiledCodeHeapSize                     = 122916538                              {pd product} {ergonomic}
    uintx ReservedCodeCacheSize                    = 251658240                              {pd product} {ergonomic}
     bool SegmentedCodeCache                       = true                                      {product} {ergonomic}
     bool UseCompressedClassPointers               = true                                 {lp64_product} {ergonomic}
     bool UseCompressedOops                        = true                                 {lp64_product} {ergonomic}
     bool UseG1GC                                  = true                                      {product} {ergonomic}
     bool UseLargePagesIndividualAllocation        = false                                  {pd product} {ergonomic}

Logging:
Log output configuration:
 #0: stdout all=warning uptime,level,tags
 #1: stderr all=off uptime,level,tags

Environment Variables:
PATH=C:\WINDOWS\system32;C:\WINDOWS;C:\WINDOWS\System32\Wbem;C:\WINDOWS\System32\WindowsPowerShell\v1.0\;C:\WINDOWS\System32\OpenSSH\;C:\Users\sujan\AppData\Local\Microsoft\WindowsApps;
USERNAME=sujan
OS=Windows_NT
PROCESSOR_IDENTIFIER=Intel64 Family 6 Model 60 Stepping 3, GenuineIntel



---------------  S Y S T E M  ---------------

OS: Windows 10 , 64 bit Build 19041 (10.0.19041.1741)
OS uptime: 0 days 1:35 hours

CPU:total 2 (initial active 2) (2 cores per cpu, 1 threads per core) family 6 model 60 stepping 3 microcode 0x27, cmov, cx8, fxsr, mmx, sse, sse2, sse3, ssse3, sse4.1, sse4.2, popcnt, clmul, erms, lzcnt, tsc, tscinvbit

Memory: 4k page, system-wide physical 8087M (1194M free)
TotalPageFile size 10775M (AvailPageFile size 2208M)
current process WorkingSet (physical memory assigned to process): 454M, peak: 454M
current process commit charge ("private bytes"): 480M, peak: 482M

vm_info: OpenJDK 64-Bit Server VM (11.0.12+7-b1504.28-7817840) for windows-amd64 JRE (11.0.12+7-b1504.28-7817840), built on Oct 13 2021 22:12:33 by "builder" with MS VC++ 14.0 (VS2015)

END.
